<?xml version="1.0" encoding="UTF-8"?>
<testsuite xmlns:xsi="http://www.w3.org/2001/XMLSchema-instance" xsi:noNamespaceSchemaLocation="https://maven.apache.org/surefire/maven-surefire-plugin/xsd/surefire-test-report-3.0.xsd" version="3.0" name="dev.aniket.learning.ShapesTest" time="0.067" tests="3" errors="0" skipped="0" failures="0">
  <properties>
[...]
</properties>
  <testcase name="testComputeSquareArea" classname="dev.aniket.learning.ShapesTest" time="0.033"/>
  <testcase name="testComputeRectanglrArea" classname="dev.aniket.learning.ShapesTest" time="0.002"/>
  <testcase name="test" classname="dev.aniket.learning.ShapesTest" time="0.0"/>
</testsuite>